Using pre-set license

 COMMAND LINE ARGUMENTS:
/Applications/Unity/Hub/Editor/2020.3.11f1/Unity.app/Contents/MacOS/Unity
-adb2
-batchMode
-noUpm
-name
AssetImportWorker0
-projectPath
/Users/imac/Documents/GitHub/Squamate/Squamate
-logFile
Logs/AssetImportWorker0.log
-srvPort
60840
Successfully changed project path to: /Users/imac/Documents/GitHub/Squamate/Squamate
/Users/imac/Documents/GitHub/Squamate/Squamate
Using Asset Import Pipeline V2.
Refreshing native plugins compatible for Editor in 78.35 ms, found 3 plugins.
Preloading 0 native plugins for Editor in 0.00 ms.
Initialize engine version: 2020.3.11f1 (99c7afb366b3)
[Subsystems] Discovering subsystems at path /Applications/Unity/Hub/Editor/2020.3.11f1/Unity.app/Contents/Resources/UnitySubsystems
[Subsystems] Discovering subsystems at path /Users/imac/Documents/GitHub/Squamate/Squamate/Assets
GfxDevice: creating device client; threaded=0
Renderer: AMD Radeon HD 6750M OpenGL Engine
Vendor:   ATI Technologies Inc.
Version:  4.1 ATI-1.68.25
GLES:     0
 GL_ARB_blend_func_extended GL_ARB_draw_buffers_blend GL_ARB_draw_indirect GL_ARB_ES2_compatibility GL_ARB_explicit_attrib_location GL_ARB_gpu_shader5 GL_ARB_instanced_arrays GL_ARB_internalformat_query GL_ARB_occlusion_query2 GL_ARB_sample_shading GL_ARB_sampler_objects GL_ARB_separate_shader_objects GL_ARB_shader_bit_encoding GL_ARB_shader_subroutine GL_ARB_shading_language_include GL_ARB_tessellation_shader GL_ARB_texture_buffer_object_rgb32 GL_ARB_texture_cube_map_array GL_ARB_texture_gather GL_ARB_texture_query_lod GL_ARB_texture_rgb10_a2ui GL_ARB_texture_storage GL_ARB_texture_swizzle GL_ARB_timer_query GL_ARB_transform_feedback2 GL_ARB_transform_feedback3 GL_ARB_vertex_type_2_10_10_10_rev GL_ARB_viewport_array GL_EXT_debug_label GL_EXT_debug_marker GL_EXT_texture_compression_s3tc GL_EXT_texture_filter_anisotropic GL_EXT_texture_mirror_clamp GL_EXT_texture_sRGB_decode GL_APPLE_client_storage GL_APPLE_container_object_shareable GL_APPLE_flush_render GL_APPLE_object_purgeable GL_APPLE_rgb_422 GL_APPLE_ro
w_bytes GL_APPLE_texture_range GL_ATI_texture_mirror_once GL_NV_texture_barrier
OPENGL LOG: Creating OpenGL 4.1 graphics device ; Context level  <OpenGL 4.1> ; Context handle -670764032
Initialize mono
Mono path[0] = '/Applications/Unity/Hub/Editor/2020.3.11f1/Unity.app/Contents/Managed'
Mono path[1] = '/Applications/Unity/Hub/Editor/2020.3.11f1/Unity.app/Contents/MonoBleedingEdge/lib/mono/unityjit'
Mono config path = '/Applications/Unity/Hub/Editor/2020.3.11f1/Unity.app/Contents/MonoBleedingEdge/etc'
Using monoOptions --debugger-agent=transport=dt_socket,embedding=1,server=y,suspend=n,address=127.0.0.1:56939
Begin MonoManager ReloadAssembly
Registering precompiled unity dll's ...
Register platform support module: /Applications/Unity/Hub/Editor/2020.3.11f1/PlaybackEngines/WebGLSupport/UnityEditor.WebGL.Extensions.dll
Register platform support module: /Applications/Unity/Hub/Editor/2020.3.11f1/Unity.app/Contents/PlaybackEngines/MacStandaloneSupport/UnityEditor.OSXStandalone.Extensions.dll
Registered in 0.000934 seconds.
Native extension for OSXStandalone target not found
Native extension for WebGL target not found
Refreshing native plugins compatible for Editor in 72.12 ms, found 3 plugins.
Preloading 0 native plugins for Editor in 0.00 ms.
Mono: successfully reloaded assembly
- Completed reload, in  3.330 seconds
Platform modules already initialized, skipping
Registering precompiled user dll's ...
Registered in 0.002773 seconds.
Begin MonoManager ReloadAssembly
Native extension for OSXStandalone target not found
Native extension for WebGL target not found
Refreshing native plugins compatible for Editor in 74.41 ms, found 3 plugins.
Preloading 0 native plugins for Editor in 0.00 ms.
Mono: successfully reloaded assembly
- Completed reload, in  2.046 seconds
Platform modules already initialized, skipping
========================================================================
Worker process is ready to serve import requests
Launching external process: /Applications/Unity/Hub/Editor/2020.3.11f1/Unity.app/Contents/Tools/UnityShaderCompiler
Launched and connected shader compiler UnityShaderCompiler after 0.02 seconds
Refreshing native plugins compatible for Editor in 0.59 ms, found 3 plugins.
Preloading 0 native plugins for Editor in 0.00 ms.
Unloading 2082 Unused Serialized files (Serialized files now loaded: 0)
System memory in use before: 168.0 MB.
System memory in use after: 168.0 MB.

Unloading 33 unused Assets to reduce memory usage. Loaded Objects now: 2516.
Total: 3.163209 ms (FindLiveObjects: 0.264160 ms CreateObjectMapping: 0.098365 ms MarkObjects: 2.605228 ms  DeleteObjects: 0.193813 ms)

========================================================================
Received Import Request.
  path: Assets/Scenes/SampleScene.unity
  artifactKey: Guid(2cda990e2423bbf4892e6590ba056729) Importer(815301076,1909f56bfc062723c751e8b465ee728b)
Start importing Assets/Scenes/SampleScene.unity using Guid(2cda990e2423bbf4892e6590ba056729) Importer(815301076,1909f56bfc062723c751e8b465ee728b)  -> (artifact id: 'b9fa0b607c43d12d5d8081a89de6beb5') in 0.016015 seconds
  Import took 0.020156 seconds .

========================================================================
Received Prepare
Registering precompiled user dll's ...
Registered in 0.003118 seconds.
Begin MonoManager ReloadAssembly
Native extension for OSXStandalone target not found
Native extension for WebGL target not found
Refreshing native plugins compatible for Editor in 0.59 ms, found 3 plugins.
Preloading 0 native plugins for Editor in 0.00 ms.
Mono: successfully reloaded assembly
- Completed reload, in  1.779 seconds
Platform modules already initialized, skipping
Refreshing native plugins compatible for Editor in 0.61 ms, found 3 plugins.
Preloading 0 native plugins for Editor in 0.00 ms.
Unloading 2077 Unused Serialized files (Serialized files now loaded: 0)
System memory in use before: 168.7 MB.
System memory in use after: 168.7 MB.

Unloading 21 unused Assets to reduce memory usage. Loaded Objects now: 2520.
Total: 3.145848 ms (FindLiveObjects: 0.259987 ms CreateObjectMapping: 0.096371 ms MarkObjects: 2.608317 ms  DeleteObjects: 0.179561 ms)

========================================================================
Received Import Request.
  Time since last request: 179.935273 seconds.
  path: Assets/Scenes/Square.png
  artifactKey: Guid(89459ebc1de894a4cb513afb1f3bbf50) Importer(815301076,1909f56bfc062723c751e8b465ee728b)
Start importing Assets/Scenes/Square.png using Guid(89459ebc1de894a4cb513afb1f3bbf50) Importer(815301076,1909f56bfc062723c751e8b465ee728b)  -> (artifact id: 'bd841dafff91ed1dd3d32951e9b1b719') in 0.320778 seconds
  Import took 0.325820 seconds .

========================================================================
Received Prepare
Registering precompiled user dll's ...
Registered in 0.004003 seconds.
Begin MonoManager ReloadAssembly
Native extension for OSXStandalone target not found
Native extension for WebGL target not found
Refreshing native plugins compatible for Editor in 0.61 ms, found 3 plugins.
Preloading 0 native plugins for Editor in 0.00 ms.
Mono: successfully reloaded assembly
- Completed reload, in  1.741 seconds
Platform modules already initialized, skipping
Refreshing native plugins compatible for Editor in 0.65 ms, found 3 plugins.
Preloading 0 native plugins for Editor in 0.00 ms.
Unloading 2077 Unused Serialized files (Serialized files now loaded: 0)
System memory in use before: 176.9 MB.
System memory in use after: 176.9 MB.

Unloading 21 unused Assets to reduce memory usage. Loaded Objects now: 2530.
Total: 3.136142 ms (FindLiveObjects: 0.253892 ms CreateObjectMapping: 0.097467 ms MarkObjects: 2.637396 ms  DeleteObjects: 0.145712 ms)

========================================================================
Received Import Request.
  Time since last request: 1321.263556 seconds.
  path: Assets/Materials/Square.png
  artifactKey: Guid(89459ebc1de894a4cb513afb1f3bbf50) Importer(815301076,1909f56bfc062723c751e8b465ee728b)
Start importing Assets/Materials/Square.png using Guid(89459ebc1de894a4cb513afb1f3bbf50) Importer(815301076,1909f56bfc062723c751e8b465ee728b)  -> (artifact id: '26317d6a380848629b1d155127c2b1a6') in 0.071885 seconds
  Import took 0.076132 seconds .

========================================================================
Received Import Request.
  Time since last request: 20.244806 seconds.
  path: Assets/Materials/New Folder
  artifactKey: Guid(02cb316d791084d3985ea4f9983113b2) Importer(815301076,1909f56bfc062723c751e8b465ee728b)
Start importing Assets/Materials/New Folder using Guid(02cb316d791084d3985ea4f9983113b2) Importer(815301076,1909f56bfc062723c751e8b465ee728b)  -> (artifact id: '624967aca3e0ba761b8be3aa9ca86241') in 0.001799 seconds
  Import took 0.006193 seconds .

========================================================================
Received Import Request.
  Time since last request: 73.112713 seconds.
  path: Assets/Test Background
  artifactKey: Guid(75f926968f2bb46869bc927fcac63479) Importer(815301076,1909f56bfc062723c751e8b465ee728b)
Start importing Assets/Test Background using Guid(75f926968f2bb46869bc927fcac63479) Importer(815301076,1909f56bfc062723c751e8b465ee728b)  -> (artifact id: '0ba7bc0ad72ead88b61e728f615b14ae') in 0.001702 seconds
  Import took 0.006100 seconds .

========================================================================
Received Import Request.
  Time since last request: 13.495640 seconds.
  path: Assets/Test Background/Test Background.jpg
  artifactKey: Guid(a097089e90ab944c4a96a0cf96554b09) Importer(815301076,1909f56bfc062723c751e8b465ee728b)
Start importing Assets/Test Background/Test Background.jpg using Guid(a097089e90ab944c4a96a0cf96554b09) Importer(815301076,1909f56bfc062723c751e8b465ee728b)  -> (artifact id: '9b6fc28d64c420e0a1db9904897e7e81') in 0.302969 seconds
  Import took 0.307492 seconds .

========================================================================
Received Import Request.
  Time since last request: 0.003267 seconds.
  path: Assets/Test Background/Test Background.jpg
  artifactKey: Guid(a097089e90ab944c4a96a0cf96554b09) Importer(815301076,1909f56bfc062723c751e8b465ee728b)
Start importing Assets/Test Background/Test Background.jpg using Guid(a097089e90ab944c4a96a0cf96554b09) Importer(815301076,1909f56bfc062723c751e8b465ee728b)  -> (artifact id: '9b6fc28d64c420e0a1db9904897e7e81') in 0.012639 seconds
  Import took 0.017282 seconds .

========================================================================
Received Import Request.
  Time since last request: 52.931459 seconds.
  path: ProjectSettings/TagManager.asset
  artifactKey: Guid(00000000000000003000000000000000) Importer(815301076,1909f56bfc062723c751e8b465ee728b)
Start importing ProjectSettings/TagManager.asset using Guid(00000000000000003000000000000000) Importer(815301076,1909f56bfc062723c751e8b465ee728b)  -> (artifact id: 'b7f1b015459ffd41237060f88e8ed8b1') in 0.214655 seconds
  Import took 0.219167 seconds .

========================================================================
Received Prepare
Registering precompiled user dll's ...
Registered in 0.002765 seconds.
Begin MonoManager ReloadAssembly
Native extension for OSXStandalone target not found
Native extension for WebGL target not found
Refreshing native plugins compatible for Editor in 0.62 ms, found 3 plugins.
Preloading 0 native plugins for Editor in 0.00 ms.
Mono: successfully reloaded assembly
- Completed reload, in  1.663 seconds
Platform modules already initialized, skipping
Refreshing native plugins compatible for Editor in 0.58 ms, found 3 plugins.
Preloading 0 native plugins for Editor in 0.00 ms.
Unloading 2077 Unused Serialized files (Serialized files now loaded: 0)
System memory in use before: 185.6 MB.
System memory in use after: 185.6 MB.

Unloading 22 unused Assets to reduce memory usage. Loaded Objects now: 2537.
Total: 3.014192 ms (FindLiveObjects: 0.261930 ms CreateObjectMapping: 0.099096 ms MarkObjects: 2.498766 ms  DeleteObjects: 0.152760 ms)

========================================================================
Received Prepare
Registering precompiled user dll's ...
Registered in 0.002730 seconds.
Begin MonoManager ReloadAssembly
Native extension for OSXStandalone target not found
Native extension for WebGL target not found
Refreshing native plugins compatible for Editor in 0.58 ms, found 3 plugins.
Preloading 0 native plugins for Editor in 0.00 ms.
Mono: successfully reloaded assembly
- Completed reload, in  1.657 seconds
Platform modules already initialized, skipping
Refreshing native plugins compatible for Editor in 0.57 ms, found 3 plugins.
Preloading 0 native plugins for Editor in 0.00 ms.
Unloading 2077 Unused Serialized files (Serialized files now loaded: 0)
System memory in use before: 185.9 MB.
System memory in use after: 185.9 MB.

Unloading 21 unused Assets to reduce memory usage. Loaded Objects now: 2541.
Total: 2.795500 ms (FindLiveObjects: 0.249069 ms CreateObjectMapping: 0.087630 ms MarkObjects: 2.303476 ms  DeleteObjects: 0.153756 ms)

========================================================================
Received Prepare
Registering precompiled user dll's ...
Registered in 0.003176 seconds.
Begin MonoManager ReloadAssembly
Native extension for OSXStandalone target not found
Native extension for WebGL target not found
Refreshing native plugins compatible for Editor in 0.60 ms, found 3 plugins.
Preloading 0 native plugins for Editor in 0.00 ms.
Mono: successfully reloaded assembly
- Completed reload, in  1.734 seconds
Platform modules already initialized, skipping
Refreshing native plugins compatible for Editor in 0.57 ms, found 3 plugins.
Preloading 0 native plugins for Editor in 0.00 ms.
Unloading 2077 Unused Serialized files (Serialized files now loaded: 0)
System memory in use before: 186.2 MB.
System memory in use after: 186.2 MB.

Unloading 21 unused Assets to reduce memory usage. Loaded Objects now: 2545.
Total: 2.785901 ms (FindLiveObjects: 0.252476 ms CreateObjectMapping: 0.086918 ms MarkObjects: 2.306297 ms  DeleteObjects: 0.138721 ms)

========================================================================
Received Prepare
Registering precompiled user dll's ...
Registered in 0.003069 seconds.
Begin MonoManager ReloadAssembly
Native extension for OSXStandalone target not found
Native extension for WebGL target not found
Refreshing native plugins compatible for Editor in 0.62 ms, found 3 plugins.
Preloading 0 native plugins for Editor in 0.00 ms.
Mono: successfully reloaded assembly
- Completed reload, in  1.756 seconds
Platform modules already initialized, skipping
Refreshing native plugins compatible for Editor in 0.62 ms, found 3 plugins.
Preloading 0 native plugins for Editor in 0.00 ms.
Unloading 2077 Unused Serialized files (Serialized files now loaded: 0)
System memory in use before: 186.3 MB.
System memory in use after: 186.3 MB.

Unloading 21 unused Assets to reduce memory usage. Loaded Objects now: 2549.
Total: 3.033188 ms (FindLiveObjects: 0.298130 ms CreateObjectMapping: 0.099741 ms MarkObjects: 2.483212 ms  DeleteObjects: 0.150470 ms)

========================================================================
Received Prepare
Registering precompiled user dll's ...
Registered in 0.003065 seconds.
Begin MonoManager ReloadAssembly
Native extension for OSXStandalone target not found
Native extension for WebGL target not found
Refreshing native plugins compatible for Editor in 0.58 ms, found 3 plugins.
Preloading 0 native plugins for Editor in 0.00 ms.
Mono: successfully reloaded assembly
- Completed reload, in  1.685 seconds
Platform modules already initialized, skipping
Refreshing native plugins compatible for Editor in 0.67 ms, found 3 plugins.
Preloading 0 native plugins for Editor in 0.00 ms.
Unloading 2077 Unused Serialized files (Serialized files now loaded: 0)
System memory in use before: 186.5 MB.
System memory in use after: 186.5 MB.

Unloading 21 unused Assets to reduce memory usage. Loaded Objects now: 2553.
Total: 3.453165 ms (FindLiveObjects: 0.282474 ms CreateObjectMapping: 0.105922 ms MarkObjects: 2.886376 ms  DeleteObjects: 0.176035 ms)

========================================================================
Received Prepare
Registering precompiled user dll's ...
Registered in 0.003617 seconds.
Begin MonoManager ReloadAssembly
Native extension for OSXStandalone target not found
Native extension for WebGL target not found
Refreshing native plugins compatible for Editor in 0.61 ms, found 3 plugins.
Preloading 0 native plugins for Editor in 0.00 ms.
Mono: successfully reloaded assembly
- Completed reload, in  1.759 seconds
Platform modules already initialized, skipping
Refreshing native plugins compatible for Editor in 0.58 ms, found 3 plugins.
Preloading 0 native plugins for Editor in 0.00 ms.
Unloading 2077 Unused Serialized files (Serialized files now loaded: 0)
System memory in use before: 186.7 MB.
System memory in use after: 186.7 MB.

Unloading 21 unused Assets to reduce memory usage. Loaded Objects now: 2557.
Total: 2.951700 ms (FindLiveObjects: 0.273139 ms CreateObjectMapping: 0.084490 ms MarkObjects: 2.439603 ms  DeleteObjects: 0.152540 ms)

========================================================================
Received Import Request.
  Time since last request: 2103.022847 seconds.
  path: Assets/Test Background/03.png
  artifactKey: Guid(0e5d214f1bf0a4d9995f615effd93216) Importer(815301076,1909f56bfc062723c751e8b465ee728b)
Start importing Assets/Test Background/03.png using Guid(0e5d214f1bf0a4d9995f615effd93216) Importer(815301076,1909f56bfc062723c751e8b465ee728b)  -> (artifact id: '7833e002fb8e19b6c7063bcf37f91915') in 0.083106 seconds
  Import took 0.088041 seconds .

========================================================================
Received Import Request.
  Time since last request: 0.007407 seconds.
  path: Assets/Test Background/03.png
  artifactKey: Guid(0e5d214f1bf0a4d9995f615effd93216) Importer(815301076,1909f56bfc062723c751e8b465ee728b)
Start importing Assets/Test Background/03.png using Guid(0e5d214f1bf0a4d9995f615effd93216) Importer(815301076,1909f56bfc062723c751e8b465ee728b)  -> (artifact id: '7833e002fb8e19b6c7063bcf37f91915') in 0.011249 seconds
  Import took 0.016210 seconds .

========================================================================
Received Prepare
Registering precompiled user dll's ...
Registered in 0.031189 seconds.
Begin MonoManager ReloadAssembly
Native extension for OSXStandalone target not found
Native extension for WebGL target not found
Refreshing native plugins compatible for Editor in 0.61 ms, found 3 plugins.
Preloading 0 native plugins for Editor in 0.00 ms.
Mono: successfully reloaded assembly
- Completed reload, in  1.771 seconds
Platform modules already initialized, skipping
Refreshing native plugins compatible for Editor in 0.63 ms, found 3 plugins.
Preloading 0 native plugins for Editor in 0.00 ms.
Unloading 2077 Unused Serialized files (Serialized files now loaded: 0)
System memory in use before: 186.9 MB.
System memory in use after: 186.9 MB.

Unloading 21 unused Assets to reduce memory usage. Loaded Objects now: 2562.
Total: 2.953123 ms (FindLiveObjects: 0.264493 ms CreateObjectMapping: 0.095328 ms MarkObjects: 2.438187 ms  DeleteObjects: 0.153510 ms)

========================================================================
Received Prepare
Registering precompiled user dll's ...
Registered in 0.002766 seconds.
Begin MonoManager ReloadAssembly
Native extension for OSXStandalone target not found
Native extension for WebGL target not found
Refreshing native plugins compatible for Editor in 0.61 ms, found 3 plugins.
Preloading 0 native plugins for Editor in 0.00 ms.
Mono: successfully reloaded assembly
- Completed reload, in  1.735 seconds
Platform modules already initialized, skipping
Refreshing native plugins compatible for Editor in 0.59 ms, found 3 plugins.
Preloading 0 native plugins for Editor in 0.00 ms.
Unloading 2077 Unused Serialized files (Serialized files now loaded: 0)
System memory in use before: 187.1 MB.
System memory in use after: 187.1 MB.

Unloading 21 unused Assets to reduce memory usage. Loaded Objects now: 2566.
Total: 3.411844 ms (FindLiveObjects: 0.269582 ms CreateObjectMapping: 0.098058 ms MarkObjects: 2.880389 ms  DeleteObjects: 0.162107 ms)

========================================================================
Received Prepare
Registering precompiled user dll's ...
Registered in 0.003118 seconds.
Begin MonoManager ReloadAssembly
Native extension for OSXStandalone target not found
Native extension for WebGL target not found
Refreshing native plugins compatible for Editor in 0.58 ms, found 3 plugins.
Preloading 0 native plugins for Editor in 0.00 ms.
Mono: successfully reloaded assembly
- Completed reload, in  1.730 seconds
Platform modules already initialized, skipping
Refreshing native plugins compatible for Editor in 0.50 ms, found 3 plugins.
Preloading 0 native plugins for Editor in 0.00 ms.
Unloading 2077 Unused Serialized files (Serialized files now loaded: 0)
System memory in use before: 187.3 MB.
System memory in use after: 187.3 MB.

Unloading 21 unused Assets to reduce memory usage. Loaded Objects now: 2570.
Total: 2.815631 ms (FindLiveObjects: 0.259877 ms CreateObjectMapping: 0.099679 ms MarkObjects: 2.311128 ms  DeleteObjects: 0.143218 ms)

========================================================================
Received Prepare
Registering precompiled user dll's ...
Registered in 0.002722 seconds.
Begin MonoManager ReloadAssembly
Native extension for OSXStandalone target not found
Native extension for WebGL target not found
Refreshing native plugins compatible for Editor in 0.56 ms, found 3 plugins.
Preloading 0 native plugins for Editor in 0.00 ms.
Mono: successfully reloaded assembly
- Completed reload, in  1.696 seconds
Platform modules already initialized, skipping
Refreshing native plugins compatible for Editor in 0.62 ms, found 3 plugins.
Preloading 0 native plugins for Editor in 0.00 ms.
Unloading 2077 Unused Serialized files (Serialized files now loaded: 0)
System memory in use before: 187.5 MB.
System memory in use after: 187.5 MB.

Unloading 21 unused Assets to reduce memory usage. Loaded Objects now: 2574.
Total: 3.007771 ms (FindLiveObjects: 0.256909 ms CreateObjectMapping: 0.102297 ms MarkObjects: 2.490422 ms  DeleteObjects: 0.156257 ms)

========================================================================
Received Prepare
Registering precompiled user dll's ...
Registered in 0.002729 seconds.
Begin MonoManager ReloadAssembly
Native extension for OSXStandalone target not found
Native extension for WebGL target not found
Refreshing native plugins compatible for Editor in 0.51 ms, found 3 plugins.
Preloading 0 native plugins for Editor in 0.00 ms.
Mono: successfully reloaded assembly
- Completed reload, in  1.728 seconds
Platform modules already initialized, skipping
Refreshing native plugins compatible for Editor in 0.58 ms, found 3 plugins.
Preloading 0 native plugins for Editor in 0.00 ms.
Unloading 2077 Unused Serialized files (Serialized files now loaded: 0)
System memory in use before: 187.7 MB.
System memory in use after: 187.7 MB.

Unloading 21 unused Assets to reduce memory usage. Loaded Objects now: 2578.
Total: 2.803831 ms (FindLiveObjects: 0.260239 ms CreateObjectMapping: 0.103145 ms MarkObjects: 2.279231 ms  DeleteObjects: 0.159521 ms)

========================================================================
Received Prepare
Registering precompiled user dll's ...
Registered in 0.003125 seconds.
Begin MonoManager ReloadAssembly
Native extension for OSXStandalone target not found
Native extension for WebGL target not found
Refreshing native plugins compatible for Editor in 0.62 ms, found 3 plugins.
Preloading 0 native plugins for Editor in 0.00 ms.
Mono: successfully reloaded assembly
- Completed reload, in  1.767 seconds
Platform modules already initialized, skipping
Refreshing native plugins compatible for Editor in 0.58 ms, found 3 plugins.
Preloading 0 native plugins for Editor in 0.00 ms.
Unloading 2077 Unused Serialized files (Serialized files now loaded: 0)
System memory in use before: 187.9 MB.
System memory in use after: 187.9 MB.

Unloading 21 unused Assets to reduce memory usage. Loaded Objects now: 2582.
Total: 3.344540 ms (FindLiveObjects: 0.279168 ms CreateObjectMapping: 0.098470 ms MarkObjects: 2.786533 ms  DeleteObjects: 0.178510 ms)

========================================================================
Received Prepare
Registering precompiled user dll's ...
Registered in 0.041461 seconds.
Begin MonoManager ReloadAssembly
Native extension for OSXStandalone target not found
Native extension for WebGL target not found
Refreshing native plugins compatible for Editor in 0.58 ms, found 3 plugins.
Preloading 0 native plugins for Editor in 0.00 ms.
Mono: successfully reloaded assembly
- Completed reload, in  1.728 seconds
Platform modules already initialized, skipping
Refreshing native plugins compatible for Editor in 0.62 ms, found 3 plugins.
Preloading 0 native plugins for Editor in 0.00 ms.
Unloading 2077 Unused Serialized files (Serialized files now loaded: 0)
System memory in use before: 188.1 MB.
System memory in use after: 188.1 MB.

Unloading 21 unused Assets to reduce memory usage. Loaded Objects now: 2586.
Total: 3.023834 ms (FindLiveObjects: 0.255279 ms CreateObjectMapping: 0.098916 ms MarkObjects: 2.513839 ms  DeleteObjects: 0.154078 ms)

========================================================================
Received Prepare
Registering precompiled user dll's ...
Registered in 0.027191 seconds.
Begin MonoManager ReloadAssembly
Native extension for OSXStandalone target not found
Native extension for WebGL target not found
Refreshing native plugins compatible for Editor in 0.57 ms, found 3 plugins.
Preloading 0 native plugins for Editor in 0.00 ms.
Mono: successfully reloaded assembly
- Completed reload, in  1.678 seconds
Platform modules already initialized, skipping
Refreshing native plugins compatible for Editor in 0.58 ms, found 3 plugins.
Preloading 0 native plugins for Editor in 0.00 ms.
Unloading 2077 Unused Serialized files (Serialized files now loaded: 0)
System memory in use before: 188.2 MB.
System memory in use after: 188.3 MB.

Unloading 21 unused Assets to reduce memory usage. Loaded Objects now: 2590.
Total: 3.029583 ms (FindLiveObjects: 0.261201 ms CreateObjectMapping: 0.086851 ms MarkObjects: 2.525835 ms  DeleteObjects: 0.153977 ms)

========================================================================
Received Prepare
Registering precompiled user dll's ...
Registered in 0.042514 seconds.
Begin MonoManager ReloadAssembly
Native extension for OSXStandalone target not found
Native extension for WebGL target not found
Refreshing native plugins compatible for Editor in 0.57 ms, found 3 plugins.
Preloading 0 native plugins for Editor in 0.00 ms.
Mono: successfully reloaded assembly
- Completed reload, in  1.666 seconds
Platform modules already initialized, skipping
Refreshing native plugins compatible for Editor in 0.58 ms, found 3 plugins.
Preloading 0 native plugins for Editor in 0.00 ms.
Unloading 2077 Unused Serialized files (Serialized files now loaded: 0)
System memory in use before: 188.4 MB.
System memory in use after: 188.5 MB.

Unloading 21 unused Assets to reduce memory usage. Loaded Objects now: 2594.
Total: 3.094595 ms (FindLiveObjects: 0.317616 ms CreateObjectMapping: 0.107591 ms MarkObjects: 2.499915 ms  DeleteObjects: 0.167562 ms)

========================================================================
Received Prepare
Registering precompiled user dll's ...
Registered in 0.002991 seconds.
Begin MonoManager ReloadAssembly
Native extension for OSXStandalone target not found
Native extension for WebGL target not found
Refreshing native plugins compatible for Editor in 0.62 ms, found 3 plugins.
Preloading 0 native plugins for Editor in 0.00 ms.
Mono: successfully reloaded assembly
- Completed reload, in  1.740 seconds
Platform modules already initialized, skipping
Refreshing native plugins compatible for Editor in 0.59 ms, found 3 plugins.
Preloading 0 native plugins for Editor in 0.00 ms.
Unloading 2077 Unused Serialized files (Serialized files now loaded: 0)
System memory in use before: 188.6 MB.
System memory in use after: 188.6 MB.

Unloading 21 unused Assets to reduce memory usage. Loaded Objects now: 2598.
Total: 2.948606 ms (FindLiveObjects: 0.247656 ms CreateObjectMapping: 0.086709 ms MarkObjects: 2.462233 ms  DeleteObjects: 0.150629 ms)

========================================================================
Received Import Request.
  Time since last request: 3785.096910 seconds.
  path: Assets/Test Asset
  artifactKey: Guid(c6b456ce9ec30494d8d47e120b0e196c) Importer(815301076,1909f56bfc062723c751e8b465ee728b)
Start importing Assets/Test Asset using Guid(c6b456ce9ec30494d8d47e120b0e196c) Importer(815301076,1909f56bfc062723c751e8b465ee728b)  -> (artifact id: '4eb31d1de9299989b23e28446acf365f') in 0.006504 seconds
  Import took 0.010833 seconds .

